<?xml version="1.0" encoding="UTF-8"?>
<testsuite xmlns:xsi="http://www.w3.org/2001/XMLSchema-instance" xsi:noNamespaceSchemaLocation="https://maven.apache.org/surefire/maven-surefire-plugin/xsd/surefire-test-report-3.0.xsd" version="3.0" name="com.itm.space.backend.client.BackendGatewayClientApplicationTests" time="12.303" tests="1" errors="0" skipped="0" failures="0">
  <properties>
[...]
</properties>
  <testcase name="contextLoads" classname="com.itm.space.backend.client.BackendGatewayClientApplicationTests" time="3.344">
    <system-out><![CDATA[22:51:21.358 [main] INFO org.springframework.test.context.support.AnnotationConfigContextLoaderUtils -- Could not detect default configuration classes for test class [com.itm.space.backend.client.BackendGatewayClientApplicationTests]: BackendGatewayClientApplicationTests does not declare any static, non-private, non-final, nested classes annotated with @Configuration.
22:51:21.621 [main] INFO org.springframework.boot.test.context.SpringBootTestContextBootstrapper -- Found @SpringBootConfiguration com.itm.space.backend.client.BackendGatewayClientApplication for test class com.itm.space.backend.client.BackendGatewayClientApplicationTests

  .   ____          _            __ _ _
 /\\ / ___'_ __ _ _(_)_ __  __ _ \ \ \ \
( ( )\___ | '_ | '_| | '_ \/ _` | \ \ \ \
 \\/  ___)| |_)| | | | | || (_| |  ) ) ) )
  '  |____| .__|_| |_|_| |_\__, | / / / /
 =========|_|==============|___/=/_/_/_/
 :: Spring Boot ::                (v3.1.5)

2025-05-20T22:51:23.103+03:00  INFO 63226 --- [           main] b.c.BackendGatewayClientApplicationTests : Starting BackendGatewayClientApplicationTests using Java 17.0.15 with PID 63226 (started by ira_kotik in /Users/ira_kotik/Desktop/MS-master/backend-gateway-client)
2025-05-20T22:51:23.110+03:00  INFO 63226 --- [           main] b.c.BackendGatewayClientApplicationTests : No active profile set, falling back to 1 default profile: "default"
2025-05-20T22:51:25.746+03:00  INFO 63226 --- [           main] o.s.cloud.context.scope.GenericScope     : BeanFactory id=5e0afc9c-4f88-3f45-b1ab-6cd96d4e2aaa
2025-05-20T22:51:28.852+03:00  INFO 63226 --- [           main] o.s.c.g.r.RouteDefinitionRouteLocator    : Loaded RoutePredicateFactory [After]
2025-05-20T22:51:28.853+03:00  INFO 63226 --- [           main] o.s.c.g.r.RouteDefinitionRouteLocator    : Loaded RoutePredicateFactory [Before]
2025-05-20T22:51:28.853+03:00  INFO 63226 --- [           main] o.s.c.g.r.RouteDefinitionRouteLocator    : Loaded RoutePredicateFactory [Between]
2025-05-20T22:51:28.853+03:00  INFO 63226 --- [           main] o.s.c.g.r.RouteDefinitionRouteLocator    : Loaded RoutePredicateFactory [Cookie]
2025-05-20T22:51:28.853+03:00  INFO 63226 --- [           main] o.s.c.g.r.RouteDefinitionRouteLocator    : Loaded RoutePredicateFactory [Header]
2025-05-20T22:51:28.853+03:00  INFO 63226 --- [           main] o.s.c.g.r.RouteDefinitionRouteLocator    : Loaded RoutePredicateFactory [Host]
2025-05-20T22:51:28.853+03:00  INFO 63226 --- [           main] o.s.c.g.r.RouteDefinitionRouteLocator    : Loaded RoutePredicateFactory [Method]
2025-05-20T22:51:28.853+03:00  INFO 63226 --- [           main] o.s.c.g.r.RouteDefinitionRouteLocator    : Loaded RoutePredicateFactory [Path]
2025-05-20T22:51:28.854+03:00  INFO 63226 --- [           main] o.s.c.g.r.RouteDefinitionRouteLocator    : Loaded RoutePredicateFactory [Query]
2025-05-20T22:51:28.854+03:00  INFO 63226 --- [           main] o.s.c.g.r.RouteDefinitionRouteLocator    : Loaded RoutePredicateFactory [ReadBody]
2025-05-20T22:51:28.854+03:00  INFO 63226 --- [           main] o.s.c.g.r.RouteDefinitionRouteLocator    : Loaded RoutePredicateFactory [RemoteAddr]
2025-05-20T22:51:28.854+03:00  INFO 63226 --- [           main] o.s.c.g.r.RouteDefinitionRouteLocator    : Loaded RoutePredicateFactory [XForwardedRemoteAddr]
2025-05-20T22:51:28.854+03:00  INFO 63226 --- [           main] o.s.c.g.r.RouteDefinitionRouteLocator    : Loaded RoutePredicateFactory [Weight]
2025-05-20T22:51:28.854+03:00  INFO 63226 --- [           main] o.s.c.g.r.RouteDefinitionRouteLocator    : Loaded RoutePredicateFactory [CloudFoundryRouteService]
2025-05-20T22:51:29.118+03:00  INFO 63226 --- [           main] ctiveUserDetailsServiceAutoConfiguration : 

Using generated security password: 146f8765-2c02-451b-beae-e46482f44519

2025-05-20T22:51:29.851+03:00  INFO 63226 --- [           main] b.c.BackendGatewayClientApplicationTests : Started BackendGatewayClientApplicationTests in 7.893 seconds (process running for 10.689)
]]></system-out>
  </testcase>
</testsuite>